Watching for file changes with StatReloader
C:\Users\turbo\OneDrive\Documents\GitHub\lupi-fy.com\accounts\urls.py changed, reloading.
Performing system checks...

System check identified no issues (0 silenced).
December 18, 2025 - 19:57:10
Django version 4.2.27, using settings 'mysite.settings'
Starting development server at http://127.0.0.1:8000/
Quit the server with CTRL-BREAK.

Watching for file changes with StatReloader
[18/Dec/2025 20:13:43] "GET /accounts/register/ HTTP/1.1" 200 34669
[18/Dec/2025 20:14:32] "GET /accounts/api/check-username/?username=Nana HTTP/1.1" 200 49
[18/Dec/2025 20:14:32] "GET /accounts/api/check-email/?email=test1%40gmail.com HTTP/1.1" 200 49
[18/Dec/2025 20:14:42] "GET /accounts/api/check-username/?username=dsadasdadsa HTTP/1.1" 200 52
[18/Dec/2025 20:14:42] "GET /accounts/api/check-email/?email=test%40gmail.com HTTP/1.1" 200 46
[18/Dec/2025 20:14:57] "GET /accounts/register/ HTTP/1.1" 200 34669
[18/Dec/2025 20:15:01] "GET /accounts/login/ HTTP/1.1" 200 13831
[18/Dec/2025 20:18:59] "GET /accounts/login/ HTTP/1.1" 200 13844
Internal Server Error: /accounts/login/
Traceback (most recent call last):
  File "C:\Users\turbo\AppData\Local\Programs\Python\Python39-32\lib\site-packages\django\core\handlers\exception.py", line 55, in inner
    response = get_response(request)
  File "C:\Users\turbo\AppData\Local\Programs\Python\Python39-32\lib\site-packages\django\core\handlers\base.py", line 197, in _get_response
    response = wrapped_callback(request, *callback_args, **callback_kwargs)
  File "c:\Users\turbo\OneDrive\Documents\GitHub\lupi-fy.com\accounts\views.py", line 1853, in google_login_view
    return render(request, "accounts/google_login.html", context)
  File "C:\Users\turbo\AppData\Local\Programs\Python\Python39-32\lib\site-packages\django\shortcuts.py", line 24, in render
    content = loader.render_to_string(template_name, context, request, using=using)
  File "C:\Users\turbo\AppData\Local\Programs\Python\Python39-32\lib\site-packages\django\template\loader.py", line 62, in render_to_string
    return template.render(context, request)
  File "C:\Users\turbo\AppData\Local\Programs\Python\Python39-32\lib\site-packages\django\template\backends\django.py", line 61, in render
    return self.template.render(context)
  File "C:\Users\turbo\AppData\Local\Programs\Python\Python39-32\lib\site-packages\django\template\base.py", line 175, in render
    return self._render(context)
  File "C:\Users\turbo\AppData\Local\Programs\Python\Python39-32\lib\site-packages\django\template\base.py", line 167, in _render
    return self.nodelist.render(context)
  File "C:\Users\turbo\AppData\Local\Programs\Python\Python39-32\lib\site-packages\django\template\base.py", line 1005, in render
    return SafeString("".join([node.render_annotated(context) for node in self]))
  File "C:\Users\turbo\AppData\Local\Programs\Python\Python39-32\lib\site-packages\django\template\base.py", line 1005, in <listcomp>
    return SafeString("".join([node.render_annotated(context) for node in self]))
  File "C:\Users\turbo\AppData\Local\Programs\Python\Python39-32\lib\site-packages\django\template\base.py", line 966, in render_annotated
    return self.render(context)
  File "C:\Users\turbo\AppData\Local\Programs\Python\Python39-32\lib\site-packages\django\template\defaulttags.py", line 471, in render
    url = reverse(view_name, args=args, kwargs=kwargs, current_app=current_app)
  File "C:\Users\turbo\AppData\Local\Programs\Python\Python39-32\lib\site-packages\django\urls\base.py", line 88, in reverse
    return resolver._reverse_with_prefix(view, prefix, *args, **kwargs)
  File "C:\Users\turbo\AppData\Local\Programs\Python\Python39-32\lib\site-packages\django\urls\resolvers.py", line 828, in _reverse_with_prefix
    raise NoReverseMatch(msg)
django.urls.exceptions.NoReverseMatch: Reverse for 'password_reset' not found. 'password_reset' is not a valid view function or pattern name.
[18/Dec/2025 20:24:15] "GET /accounts/login/ HTTP/1.1" 500 123673
Internal Server Error: /accounts/login/
Traceback (most recent call last):
  File "C:\Users\turbo\AppData\Local\Programs\Python\Python39-32\lib\site-packages\django\core\handlers\exception.py", line 55, in inner
    response = get_response(request)
  File "C:\Users\turbo\AppData\Local\Programs\Python\Python39-32\lib\site-packages\django\core\handlers\base.py", line 197, in _get_response
    response = wrapped_callback(request, *callback_args, **callback_kwargs)
  File "c:\Users\turbo\OneDrive\Documents\GitHub\lupi-fy.com\accounts\views.py", line 1853, in google_login_view
    return render(request, "accounts/google_login.html", context)
  File "C:\Users\turbo\AppData\Local\Programs\Python\Python39-32\lib\site-packages\django\shortcuts.py", line 24, in render
    content = loader.render_to_string(template_name, context, request, using=using)
  File "C:\Users\turbo\AppData\Local\Programs\Python\Python39-32\lib\site-packages\django\template\loader.py", line 62, in render_to_string
    return template.render(context, request)
  File "C:\Users\turbo\AppData\Local\Programs\Python\Python39-32\lib\site-packages\django\template\backends\django.py", line 61, in render
    return self.template.render(context)
  File "C:\Users\turbo\AppData\Local\Programs\Python\Python39-32\lib\site-packages\django\template\base.py", line 175, in render
    return self._render(context)
  File "C:\Users\turbo\AppData\Local\Programs\Python\Python39-32\lib\site-packages\django\template\base.py", line 167, in _render
    return self.nodelist.render(context)
  File "C:\Users\turbo\AppData\Local\Programs\Python\Python39-32\lib\site-packages\django\template\base.py", line 1005, in render
    return SafeString("".join([node.render_annotated(context) for node in self]))
  File "C:\Users\turbo\AppData\Local\Programs\Python\Python39-32\lib\site-packages\django\template\base.py", line 1005, in <listcomp>
    return SafeString("".join([node.render_annotated(context) for node in self]))
  File "C:\Users\turbo\AppData\Local\Programs\Python\Python39-32\lib\site-packages\django\template\base.py", line 966, in render_annotated
    return self.render(context)
  File "C:\Users\turbo\AppData\Local\Programs\Python\Python39-32\lib\site-packages\django\template\defaulttags.py", line 471, in render
    url = reverse(view_name, args=args, kwargs=kwargs, current_app=current_app)
  File "C:\Users\turbo\AppData\Local\Programs\Python\Python39-32\lib\site-packages\django\urls\base.py", line 88, in reverse
    return resolver._reverse_with_prefix(view, prefix, *args, **kwargs)
  File "C:\Users\turbo\AppData\Local\Programs\Python\Python39-32\lib\site-packages\django\urls\resolvers.py", line 828, in _reverse_with_prefix
    raise NoReverseMatch(msg)
django.urls.exceptions.NoReverseMatch: Reverse for 'password_reset' not found. 'password_reset' is not a valid view function or pattern name.
[18/Dec/2025 20:27:36] "GET /accounts/login/ HTTP/1.1" 500 123673
C:\Users\turbo\OneDrive\Documents\GitHub\lupi-fy.com\accounts\views.py changed, reloading.
Performing system checks...

System check identified no issues (0 silenced).
December 18, 2025 - 20:06:10
Django version 4.2.27, using settings 'mysite.settings'
Starting development server at http://127.0.0.1:8000/
Quit the server with CTRL-BREAK.

Watching for file changes with StatReloader
[18/Dec/2025 20:30:54] "GET /accounts/register/ HTTP/1.1" 200 34669
[18/Dec/2025 20:30:57] "GET /accounts/login/ HTTP/1.1" 200 20556
[18/Dec/2025 20:31:13] "GET /dashboard HTTP/1.1" 301 0
[18/Dec/2025 20:31:13] "GET /dashboard/ HTTP/1.1" 200 131030
[18/Dec/2025 20:31:14] "GET /accounts/api/notifications/?limit=5 HTTP/1.1" 200 40
[18/Dec/2025 20:31:14] "GET /dashboard/community-posts-api/?offset=0&limit=8&sort=latest HTTP/1.1" 200 1890
[18/Dec/2025 20:31:14] "GET /media/posts/chosostunned_pf77jWl.jpg HTTP/1.1" 304 0
[18/Dec/2025 20:31:14] "GET /media/posts/trojan_zw356Ao.jpg HTTP/1.1" 304 0
Traceback (most recent call last):
  File "c:\Users\turbo\OneDrive\Documents\GitHub\lupi-fy.com\recommend\views.py", line 70, in for_you_recommendations
    compute_recommendations_for_user(user, content_type='mixed', limit=24)
  File "c:\Users\turbo\OneDrive\Documents\GitHub\lupi-fy.com\recommend\utils.py", line 418, in compute_recommendations_for_user
    candidates = CandidateGenerator.generate_candidates(user, content_type, limit=200)
  File "c:\Users\turbo\OneDrive\Documents\GitHub\lupi-fy.com\recommend\utils.py", line 107, in generate_candidates
    candidates.extend(CandidateGenerator._interest_based_candidates(user, 'blog', 80))
  File "c:\Users\turbo\OneDrive\Documents\GitHub\lupi-fy.com\recommend\utils.py", line 149, in _interest_based_candidates
    posts = Post.objects.filter(
  File "C:\Users\turbo\AppData\Local\Programs\Python\Python39-32\lib\site-packages\django\db\models\manager.py", line 87, in manager_method
    return getattr(self.get_queryset(), name)(*args, **kwargs)
  File "C:\Users\turbo\AppData\Local\Programs\Python\Python39-32\lib\site-packages\django\db\models\query.py", line 1438, in filter
    return self._filter_or_exclude(False, args, kwargs)
  File "C:\Users\turbo\AppData\Local\Programs\Python\Python39-32\lib\site-packages\django\db\models\query.py", line 1456, in _filter_or_exclude
    clone._filter_or_exclude_inplace(negate, args, kwargs)
  File "C:\Users\turbo\AppData\Local\Programs\Python\Python39-32\lib\site-packages\django\db\models\query.py", line 1466, in _filter_or_exclude_inplace
    self._query.add_q(Q(*args, **kwargs))
  File "C:\Users\turbo\AppData\Local\Programs\Python\Python39-32\lib\site-packages\django\db\models\sql\query.py", line 1546, in add_q
    clause, _ = self._add_q(q_object, self.used_aliases)
  File "C:\Users\turbo\AppData\Local\Programs\Python\Python39-32\lib\site-packages\django\db\models\sql\query.py", line 1577, in _add_q
    child_clause, needed_inner = self.build_filter(
  File "C:\Users\turbo\AppData\Local\Programs\Python\Python39-32\lib\site-packages\django\db\models\sql\query.py", line 1492, in build_filter
    condition = self.build_lookup(lookups, col, value)
  File "C:\Users\turbo\AppData\Local\Programs\Python\Python39-32\lib\site-packages\django\db\models\sql\query.py", line 1313, in build_lookup
    lhs = self.try_transform(lhs, lookup_name)
  File "C:\Users\turbo\AppData\Local\Programs\Python\Python39-32\lib\site-packages\django\db\models\sql\query.py", line 1357, in try_transform
    raise FieldError(
django.core.exceptions.FieldError: Unsupported lookup 'icontains' for ForeignKey or join on the field not permitted.
[18/Dec/2025 20:31:14] "GET /recommend/for-you/?t=1766089874096 HTTP/1.1" 200 543
[18/Dec/2025 20:31:14] "GET /recommend/interests/ HTTP/1.1" 200 342
[18/Dec/2025 20:31:14] "GET /recommend/for-you/ HTTP/1.1" 200 543
[18/Dec/2025 20:31:14] "GET /recommend/community-recommendations/ HTTP/1.1" 200 1647
[18/Dec/2025 20:31:14] "GET /games/api/recently-played/ HTTP/1.1" 200 13
[18/Dec/2025 20:31:41] "GET /accounts/login/ HTTP/1.1" 200 20556
[18/Dec/2025 20:33:09] "GET /accounts/login/ HTTP/1.1" 200 20556
C:\Users\turbo\OneDrive\Documents\GitHub\lupi-fy.com\accounts\views.py changed, reloading.
Performing system checks...

System check identified no issues (0 silenced).
December 18, 2025 - 20:28:52
Django version 4.2.27, using settings 'mysite.settings'
Starting development server at http://127.0.0.1:8000/
Quit the server with CTRL-BREAK.

Error computing recommendations: Unsupported lookup 'icontains' for ForeignKey or join on the field not permitted.
Watching for file changes with StatReloader
[18/Dec/2025 20:40:44] "GET /accounts/login/ HTTP/1.1" 200 16691
Bad Request: /accounts/api/login/
[18/Dec/2025 20:40:56] "POST /accounts/api/login/ HTTP/1.1" 400 110
Bad Request: /accounts/api/login/
[18/Dec/2025 20:41:03] "POST /accounts/api/login/ HTTP/1.1" 400 110
Bad Request: /accounts/api/login/
[18/Dec/2025 20:41:15] "POST /accounts/api/login/ HTTP/1.1" 400 88
[18/Dec/2025 20:41:20] "GET /accounts/login/ HTTP/1.1" 200 16691
[18/Dec/2025 20:41:24] "GET / HTTP/1.1" 200 43794
[18/Dec/2025 20:41:28] "GET /accounts/register/ HTTP/1.1" 200 34669
[18/Dec/2025 20:41:31] "GET /accounts/login/ HTTP/1.1" 200 16691
[18/Dec/2025 20:41:35] "GET /accounts/register/ HTTP/1.1" 200 34669
[18/Dec/2025 21:25:47] "GET / HTTP/1.1" 200 43794
[18/Dec/2025 21:25:51] "GET /accounts/register/ HTTP/1.1" 200 34669
[18/Dec/2025 21:25:54] "GET /accounts/login/ HTTP/1.1" 200 16691
[18/Dec/2025 21:28:54] "GET /accounts/register/ HTTP/1.1" 200 34669
[18/Dec/2025 21:29:44] "GET /accounts/api/check-username/?username=nanaa HTTP/1.1" 200 49
[18/Dec/2025 21:29:44] "GET /accounts/api/check-email/?email=turbo2%40test.com HTTP/1.1" 200 49
[18/Dec/2025 21:29:50] "GET /accounts/api/check-username/?username=nanaas HTTP/1.1" 200 52
[18/Dec/2025 21:29:50] "GET /accounts/api/check-email/?email=turbo2%40test.com HTTP/1.1" 200 49
[18/Dec/2025 21:29:51] "POST /accounts/api/register/ HTTP/1.1" 200 92
[18/Dec/2025 21:29:53] "GET /dashboard/ HTTP/1.1" 200 131033
[18/Dec/2025 21:29:53] "GET /static/script.js HTTP/1.1" 304 0
[18/Dec/2025 21:29:53] "GET /static/css/dashboard.css HTTP/1.1" 200 21229
[18/Dec/2025 21:29:54] "GET /accounts/api/notifications/?limit=5 HTTP/1.1" 200 40
[18/Dec/2025 21:29:54] "GET /dashboard/community-posts-api/?offset=0&limit=8&sort=latest HTTP/1.1" 200 1891
[18/Dec/2025 21:29:54] "GET /media/posts/chosostunned_pf77jWl.jpg HTTP/1.1" 304 0
[18/Dec/2025 21:29:54] "GET /recommend/for-you/?t=1766093394102 HTTP/1.1" 200 846
[18/Dec/2025 21:29:54] "GET /recommend/interests/ HTTP/1.1" 200 224
[18/Dec/2025 21:29:54] "GET /games/api/recently-played/ HTTP/1.1" 200 13
[18/Dec/2025 21:30:05] "GET /dashboard/ HTTP/1.1" 200 131033
[18/Dec/2025 21:30:05] "GET /accounts/api/notifications/?limit=5 HTTP/1.1" 200 40
[18/Dec/2025 21:30:05] "GET /dashboard/community-posts-api/?offset=0&limit=8&sort=latest HTTP/1.1" 200 1891
[18/Dec/2025 21:30:05] "GET /recommend/for-you/?t=1766093405567 HTTP/1.1" 200 846
[18/Dec/2025 21:30:05] "GET /recommend/interests/ HTTP/1.1" 200 224
[18/Dec/2025 21:30:06] "GET /games/api/recently-played/ HTTP/1.1" 200 13
[18/Dec/2025 21:30:08] "GET /dashboard/ HTTP/1.1" 200 131033
[18/Dec/2025 21:30:08] "GET /accounts/api/notifications/?limit=5 HTTP/1.1" 200 40
[18/Dec/2025 21:30:08] "GET /recommend/for-you/?t=1766093408456 HTTP/1.1" 200 846
[18/Dec/2025 21:30:08] "GET /dashboard/community-posts-api/?offset=0&limit=8&sort=latest HTTP/1.1" 200 1891
[18/Dec/2025 21:30:08] "GET /recommend/interests/ HTTP/1.1" 200 224
[18/Dec/2025 21:30:08] "GET /games/api/recently-played/ HTTP/1.1" 200 13
[18/Dec/2025 21:30:09] "GET /communities/ HTTP/1.1" 200 157146
[18/Dec/2025 21:30:09] "GET /accounts/api/notifications/?limit=5 HTTP/1.1" 200 40
[18/Dec/2025 21:30:09] "GET /recommend/interests/ HTTP/1.1" 200 224
[18/Dec/2025 21:30:09] "GET /games/api/recently-played/ HTTP/1.1" 200 13
[18/Dec/2025 21:30:27] "GET / HTTP/1.1" 200 43794
[18/Dec/2025 21:30:29] "GET /accounts/register/ HTTP/1.1" 200 34669
[18/Dec/2025 21:30:33] "GET /accounts/login/ HTTP/1.1" 200 16691
Bad Request: /accounts/api/login/
[18/Dec/2025 21:30:44] "POST /accounts/api/login/ HTTP/1.1" 400 88
Bad Request: /accounts/api/login/
[18/Dec/2025 21:30:52] "POST /accounts/api/login/ HTTP/1.1" 400 88
Bad Request: /accounts/api/login/
[18/Dec/2025 21:30:58] "POST /accounts/api/login/ HTTP/1.1" 400 88
Bad Request: /accounts/api/login/
[18/Dec/2025 21:31:07] "POST /accounts/api/login/ HTTP/1.1" 400 88
Bad Request: /accounts/api/login/
[18/Dec/2025 21:31:18] "POST /accounts/api/login/ HTTP/1.1" 400 120
Bad Request: /accounts/api/login/
[18/Dec/2025 21:32:25] "POST /accounts/api/login/ HTTP/1.1" 400 120
[18/Dec/2025 21:32:29] "GET /accounts/ HTTP/1.1" 302 0
[18/Dec/2025 21:32:30] "GET /accounts/email/ HTTP/1.1" 200 4079
[18/Dec/2025 21:32:30] "GET /static/account/js/account.js HTTP/1.1" 200 437
[18/Dec/2025 21:32:30] "GET /static/account/js/onload.js HTTP/1.1" 200 495
[18/Dec/2025 21:32:31] "GET /accounts/dashboard/ HTTP/1.1" 200 131027
[18/Dec/2025 21:32:31] "GET /accounts/api/notifications/?limit=5 HTTP/1.1" 200 40
[18/Dec/2025 21:32:31] "GET /dashboard/community-posts-api/?offset=0&limit=8&sort=latest HTTP/1.1" 200 1891
[18/Dec/2025 21:32:32] "GET /recommend/for-you/?t=1766093551682 HTTP/1.1" 200 846
[18/Dec/2025 21:32:32] "GET /recommend/interests/ HTTP/1.1" 200 224
[18/Dec/2025 21:32:32] "GET /games/api/recently-played/ HTTP/1.1" 200 13
C:\Users\turbo\OneDrive\Documents\GitHub\lupi-fy.com\accounts\views.py changed, reloading.
Performing system checks...

System check identified no issues (0 silenced).
December 18, 2025 - 20:36:13
Django version 4.2.27, using settings 'mysite.settings'
Starting development server at http://127.0.0.1:8000/
Quit the server with CTRL-BREAK.

Watching for file changes with StatReloader
C:\Users\turbo\OneDrive\Documents\GitHub\lupi-fy.com\accounts\views.py changed, reloading.
Performing system checks...

System check identified no issues (0 silenced).
December 18, 2025 - 21:36:39
Django version 4.2.27, using settings 'mysite.settings'
Starting development server at http://127.0.0.1:8000/
Quit the server with CTRL-BREAK.

Watching for file changes with StatReloader
[18/Dec/2025 21:37:30] "GET /accounts/register/ HTTP/1.1" 200 34669
[18/Dec/2025 21:37:34] "GET /accounts/login/ HTTP/1.1" 200 16691
[18/Dec/2025 21:37:36] "GET /accounts/register/ HTTP/1.1" 200 34669
[18/Dec/2025 21:39:16] "GET /accounts/register/ HTTP/1.1" 200 34669
[18/Dec/2025 21:39:22] "GET /accounts/login/ HTTP/1.1" 200 16691
[18/Dec/2025 21:40:00] "GET /accounts/login/ HTTP/1.1" 200 16691
[18/Dec/2025 21:41:35] "GET /accounts/login/ HTTP/1.1" 200 16691
[18/Dec/2025 21:42:19] "GET /accounts/password-reset/ HTTP/1.1" 200 2375
[18/Dec/2025 21:42:49] "GET /accounts/login/ HTTP/1.1" 200 16691
[18/Dec/2025 21:44:54] "POST /accounts/api/login/ HTTP/1.1" 200 80
[18/Dec/2025 21:44:55] "GET /dashboard/ HTTP/1.1" 200 130991
[18/Dec/2025 21:44:55] "GET /accounts/api/notifications/?limit=5 HTTP/1.1" 200 1248
[18/Dec/2025 21:44:55] "GET /dashboard/community-posts-api/?offset=0&limit=8&sort=latest HTTP/1.1" 200 1891
Traceback (most recent call last):
  File "c:\Users\turbo\OneDrive\Documents\GitHub\lupi-fy.com\recommend\views.py", line 70, in for_you_recommendations
    compute_recommendations_for_user(user, content_type='mixed', limit=24)
  File "c:\Users\turbo\OneDrive\Documents\GitHub\lupi-fy.com\recommend\utils.py", line 418, in compute_recommendations_for_user
    candidates = CandidateGenerator.generate_candidates(user, content_type, limit=200)
  File "c:\Users\turbo\OneDrive\Documents\GitHub\lupi-fy.com\recommend\utils.py", line 107, in generate_candidates
    candidates.extend(CandidateGenerator._interest_based_candidates(user, 'blog', 80))
  File "c:\Users\turbo\OneDrive\Documents\GitHub\lupi-fy.com\recommend\utils.py", line 149, in _interest_based_candidates
    posts = Post.objects.filter(
  File "C:\Users\turbo\AppData\Local\Programs\Python\Python39-32\lib\site-packages\django\db\models\manager.py", line 87, in manager_method
    return getattr(self.get_queryset(), name)(*args, **kwargs)
  File "C:\Users\turbo\AppData\Local\Programs\Python\Python39-32\lib\site-packages\django\db\models\query.py", line 1438, in filter
    return self._filter_or_exclude(False, args, kwargs)
  File "C:\Users\turbo\AppData\Local\Programs\Python\Python39-32\lib\site-packages\django\db\models\query.py", line 1456, in _filter_or_exclude
    clone._filter_or_exclude_inplace(negate, args, kwargs)
  File "C:\Users\turbo\AppData\Local\Programs\Python\Python39-32\lib\site-packages\django\db\models\query.py", line 1466, in _filter_or_exclude_inplace
    self._query.add_q(Q(*args, **kwargs))
  File "C:\Users\turbo\AppData\Local\Programs\Python\Python39-32\lib\site-packages\django\db\models\sql\query.py", line 1546, in add_q
    clause, _ = self._add_q(q_object, self.used_aliases)
  File "C:\Users\turbo\AppData\Local\Programs\Python\Python39-32\lib\site-packages\django\db\models\sql\query.py", line 1577, in _add_q
    child_clause, needed_inner = self.build_filter(
  File "C:\Users\turbo\AppData\Local\Programs\Python\Python39-32\lib\site-packages\django\db\models\sql\query.py", line 1492, in build_filter
    condition = self.build_lookup(lookups, col, value)
  File "C:\Users\turbo\AppData\Local\Programs\Python\Python39-32\lib\site-packages\django\db\models\sql\query.py", line 1313, in build_lookup
    lhs = self.try_transform(lhs, lookup_name)
  File "C:\Users\turbo\AppData\Local\Programs\Python\Python39-32\lib\site-packages\django\db\models\sql\query.py", line 1357, in try_transform
    raise FieldError(
django.core.exceptions.FieldError: Unsupported lookup 'icontains' for ForeignKey or join on the field not permitted.
[18/Dec/2025 21:44:55] "GET /recommend/for-you/?t=1766094295573 HTTP/1.1" 200 2144
[18/Dec/2025 21:44:55] "GET /recommend/interests/ HTTP/1.1" 200 436
[18/Dec/2025 21:44:56] "GET /recommend/for-you/ HTTP/1.1" 200 2144
[18/Dec/2025 21:44:56] "GET /recommend/community-recommendations/ HTTP/1.1" 200 1647
[18/Dec/2025 21:44:56] "GET /games/api/recently-played/ HTTP/1.1" 200 13
[18/Dec/2025 21:45:12] "GET /recommend/for-you/?t=1766094312619 HTTP/1.1" 200 2144
[18/Dec/2025 21:45:13] "GET /dashboard/community-posts-api/?offset=0&limit=8&sort=latest HTTP/1.1" 200 1891
[18/Dec/2025 21:45:14] "GET /dashboard/community-posts-api/?offset=0&limit=8&sort=most_liked HTTP/1.1" 200 1891
[18/Dec/2025 21:45:15] "GET /recommend/for-you/?t=1766094315041 HTTP/1.1" 200 2144
[18/Dec/2025 21:45:15] "GET /dashboard/community-posts-api/?offset=0&limit=8&sort=most_liked HTTP/1.1" 200 1891
[18/Dec/2025 21:45:16] "GET /dashboard/community-posts-api/?offset=0&limit=8&sort=most_viewed HTTP/1.1" 200 1891
[18/Dec/2025 21:45:17] "GET /dashboard/community-posts-api/?offset=0&limit=8&sort=trending HTTP/1.1" 200 1891
[18/Dec/2025 21:45:18] "GET /dashboard/community-posts-api/?offset=0&limit=8&sort=bookmarks HTTP/1.1" 200 50
[18/Dec/2025 21:45:19] "GET /dashboard/community-posts-api/?offset=0&limit=8&sort=latest HTTP/1.1" 200 1891
[18/Dec/2025 21:45:25] "GET /accounts/api/notifications/?limit=5 HTTP/1.1" 200 1248
[18/Dec/2025 21:45:34] "GET /dashboard/community-posts-api/?offset=0&limit=8&sort=most_liked HTTP/1.1" 200 1891
Not Found: /.well-known/appspecific/com.chrome.devtools.json
[18/Dec/2025 21:45:46] "GET /.well-known/appspecific/com.chrome.devtools.json HTTP/1.1" 404 5913
[18/Dec/2025 21:45:53] "GET /dashboard/ HTTP/1.1" 200 130991
[18/Dec/2025 21:45:53] "GET /accounts/api/notifications/?limit=5 HTTP/1.1" 200 1248
[18/Dec/2025 21:45:53] "GET /dashboard/community-posts-api/?offset=0&limit=8&sort=latest HTTP/1.1" 200 1891
[18/Dec/2025 21:45:53] "GET /recommend/for-you/?t=1766094353800 HTTP/1.1" 200 2144
[18/Dec/2025 21:45:54] "GET /recommend/interests/ HTTP/1.1" 200 436
[18/Dec/2025 21:45:54] "GET /recommend/for-you/ HTTP/1.1" 200 2144
[18/Dec/2025 21:45:54] "GET /recommend/community-recommendations/ HTTP/1.1" 200 1647
[18/Dec/2025 21:45:54] "GET /games/api/recently-played/ HTTP/1.1" 200 13
[18/Dec/2025 21:46:04] "GET /accounts/account/ HTTP/1.1" 200 23723
[18/Dec/2025 21:46:04] "GET /static/style.css HTTP/1.1" 304 0
[18/Dec/2025 21:46:04] "GET /static/icons/user.svg HTTP/1.1" 404 1801
[18/Dec/2025 21:46:04] "GET /static/icons/settings.svg HTTP/1.1" 404 1813
[18/Dec/2025 21:46:04] "GET /static/icons/membership.svg HTTP/1.1" 404 1819
[18/Dec/2025 21:46:04] "GET /static/icons/bell.svg HTTP/1.1" 404 1801
[18/Dec/2025 21:46:04] "GET /static/icons/social.svg HTTP/1.1" 404 1807
[18/Dec/2025 21:46:04] "GET /static/icons/achievement.svg HTTP/1.1" 404 1822
[18/Dec/2025 21:46:04] "GET /static/icons/palette.svg HTTP/1.1" 404 1810
[18/Dec/2025 21:46:08] "GET /accounts/account/?section=memberships HTTP/1.1" 200 21465
[18/Dec/2025 21:46:08] "GET /static/style.css HTTP/1.1" 304 0
[18/Dec/2025 21:46:08] "GET /static/icons/user.svg HTTP/1.1" 404 1801
[18/Dec/2025 21:46:08] "GET /static/icons/social.svg HTTP/1.1" 404 1807
[18/Dec/2025 21:46:08] "GET /static/icons/membership.svg HTTP/1.1" 404 1819
[18/Dec/2025 21:46:08] "GET /static/icons/settings.svg HTTP/1.1" 404 1813
[18/Dec/2025 21:46:08] "GET /static/icons/bell.svg HTTP/1.1" 404 1801
[18/Dec/2025 21:46:08] "GET /static/icons/achievement.svg HTTP/1.1" 404 1822
[18/Dec/2025 21:46:08] "GET /static/icons/palette.svg HTTP/1.1" 404 1810
[18/Dec/2025 21:46:09] "GET /accounts/account/?section=notifications HTTP/1.1" 200 22243
[18/Dec/2025 21:46:09] "GET /static/style.css HTTP/1.1" 304 0
[18/Dec/2025 21:46:09] "GET /static/icons/membership.svg HTTP/1.1" 404 1819
[18/Dec/2025 21:46:09] "GET /static/icons/bell.svg HTTP/1.1" 404 1801
[18/Dec/2025 21:46:09] "GET /static/icons/user.svg HTTP/1.1" 404 1801
[18/Dec/2025 21:46:09] "GET /static/icons/achievement.svg HTTP/1.1" 404 1822
[18/Dec/2025 21:46:09] "GET /static/icons/social.svg HTTP/1.1" 404 1807
[18/Dec/2025 21:46:09] "GET /static/icons/settings.svg HTTP/1.1" 404 1813
[18/Dec/2025 21:46:09] "GET /static/icons/palette.svg HTTP/1.1" 404 1810
[18/Dec/2025 21:46:10] "GET /accounts/account/?section=social HTTP/1.1" 200 22537
[18/Dec/2025 21:46:10] "GET /static/style.css HTTP/1.1" 304 0
[18/Dec/2025 21:46:10] "GET /static/icons/user.svg HTTP/1.1" 404 1801
[18/Dec/2025 21:46:10] "GET /static/icons/bell.svg HTTP/1.1" 404 1801
[18/Dec/2025 21:46:10] "GET /static/icons/membership.svg HTTP/1.1" 404 1819
[18/Dec/2025 21:46:10] "GET /static/icons/settings.svg HTTP/1.1" 404 1813
[18/Dec/2025 21:46:10] "GET /static/icons/social.svg HTTP/1.1" 404 1807
[18/Dec/2025 21:46:10] "GET /static/icons/achievement.svg HTTP/1.1" 404 1822
[18/Dec/2025 21:46:10] "GET /static/icons/palette.svg HTTP/1.1" 404 1810
[18/Dec/2025 21:46:12] "GET /accounts/account/?section=achievements HTTP/1.1" 200 21131
[18/Dec/2025 21:46:12] "GET /static/style.css HTTP/1.1" 304 0
[18/Dec/2025 21:46:12] "GET /static/icons/user.svg HTTP/1.1" 404 1801
[18/Dec/2025 21:46:12] "GET /static/icons/membership.svg HTTP/1.1" 404 1819
[18/Dec/2025 21:46:12] "GET /static/icons/social.svg HTTP/1.1" 404 1807
[18/Dec/2025 21:46:12] "GET /static/icons/settings.svg HTTP/1.1" 404 1813
[18/Dec/2025 21:46:12] "GET /static/icons/bell.svg HTTP/1.1" 404 1801
[18/Dec/2025 21:46:12] "GET /static/icons/achievement.svg HTTP/1.1" 404 1822
[18/Dec/2025 21:46:12] "GET /static/icons/palette.svg HTTP/1.1" 404 1810
[18/Dec/2025 21:46:14] "GET /accounts/account/?section=settings HTTP/1.1" 200 21288
[18/Dec/2025 21:46:14] "GET /static/style.css HTTP/1.1" 304 0
[18/Dec/2025 21:46:14] "GET /static/icons/user.svg HTTP/1.1" 404 1801
[18/Dec/2025 21:46:14] "GET /static/icons/social.svg HTTP/1.1" 404 1807
[18/Dec/2025 21:46:14] "GET /static/icons/settings.svg HTTP/1.1" 404 1813
[18/Dec/2025 21:46:14] "GET /static/icons/achievement.svg HTTP/1.1" 404 1822
[18/Dec/2025 21:46:14] "GET /static/icons/membership.svg HTTP/1.1" 404 1819
[18/Dec/2025 21:46:14] "GET /static/icons/bell.svg HTTP/1.1" 404 1801
[18/Dec/2025 21:46:14] "GET /static/icons/palette.svg HTTP/1.1" 404 1810
[18/Dec/2025 21:46:19] "GET /accounts/appearance/ HTTP/1.1" 200 134068
[18/Dec/2025 21:46:19] "GET /accounts/api/notifications/?limit=5 HTTP/1.1" 200 1248
[18/Dec/2025 21:46:19] "GET /recommend/interests/ HTTP/1.1" 200 436
Traceback (most recent call last):
  File "c:\Users\turbo\OneDrive\Documents\GitHub\lupi-fy.com\recommend\views.py", line 70, in for_you_recommendations
    compute_recommendations_for_user(user, content_type='mixed', limit=24)
  File "c:\Users\turbo\OneDrive\Documents\GitHub\lupi-fy.com\recommend\utils.py", line 418, in compute_recommendations_for_user
    candidates = CandidateGenerator.generate_candidates(user, content_type, limit=200)
  File "c:\Users\turbo\OneDrive\Documents\GitHub\lupi-fy.com\recommend\utils.py", line 107, in generate_candidates
    candidates.extend(CandidateGenerator._interest_based_candidates(user, 'blog', 80))
  File "c:\Users\turbo\OneDrive\Documents\GitHub\lupi-fy.com\recommend\utils.py", line 149, in _interest_based_candidates
    posts = Post.objects.filter(
  File "C:\Users\turbo\AppData\Local\Programs\Python\Python39-32\lib\site-packages\django\db\models\manager.py", line 87, in manager_method
    return getattr(self.get_queryset(), name)(*args, **kwargs)
  File "C:\Users\turbo\AppData\Local\Programs\Python\Python39-32\lib\site-packages\django\db\models\query.py", line 1438, in filter
    return self._filter_or_exclude(False, args, kwargs)
  File "C:\Users\turbo\AppData\Local\Programs\Python\Python39-32\lib\site-packages\django\db\models\query.py", line 1456, in _filter_or_exclude
    clone._filter_or_exclude_inplace(negate, args, kwargs)
  File "C:\Users\turbo\AppData\Local\Programs\Python\Python39-32\lib\site-packages\django\db\models\query.py", line 1466, in _filter_or_exclude_inplace
    self._query.add_q(Q(*args, **kwargs))
  File "C:\Users\turbo\AppData\Local\Programs\Python\Python39-32\lib\site-packages\django\db\models\sql\query.py", line 1546, in add_q
    clause, _ = self._add_q(q_object, self.used_aliases)
  File "C:\Users\turbo\AppData\Local\Programs\Python\Python39-32\lib\site-packages\django\db\models\sql\query.py", line 1577, in _add_q
    child_clause, needed_inner = self.build_filter(
  File "C:\Users\turbo\AppData\Local\Programs\Python\Python39-32\lib\site-packages\django\db\models\sql\query.py", line 1492, in build_filter
    condition = self.build_lookup(lookups, col, value)
  File "C:\Users\turbo\AppData\Local\Programs\Python\Python39-32\lib\site-packages\django\db\models\sql\query.py", line 1313, in build_lookup
    lhs = self.try_transform(lhs, lookup_name)
  File "C:\Users\turbo\AppData\Local\Programs\Python\Python39-32\lib\site-packages\django\db\models\sql\query.py", line 1357, in try_transform
    raise FieldError(
django.core.exceptions.FieldError: Unsupported lookup 'icontains' for ForeignKey or join on the field not permitted.
[18/Dec/2025 21:46:19] "GET /games/api/recently-played/ HTTP/1.1" 200 13
[18/Dec/2025 21:46:19] "GET /recommend/community-recommendations/ HTTP/1.1" 200 1647
[18/Dec/2025 21:46:19] "GET /recommend/for-you/ HTTP/1.1" 200 2144
[18/Dec/2025 21:46:22] "GET /dashboard/ HTTP/1.1" 200 130991
[18/Dec/2025 21:46:22] "GET /accounts/api/notifications/?limit=5 HTTP/1.1" 200 1248
[18/Dec/2025 21:46:23] "GET /dashboard/community-posts-api/?offset=0&limit=8&sort=latest HTTP/1.1" 200 1891
[18/Dec/2025 21:46:23] "GET /recommend/for-you/?t=1766094383017 HTTP/1.1" 200 2144
[18/Dec/2025 21:46:23] "GET /recommend/interests/ HTTP/1.1" 200 436
[18/Dec/2025 21:46:23] "GET /recommend/for-you/ HTTP/1.1" 200 2144
[18/Dec/2025 21:46:23] "GET /recommend/community-recommendations/ HTTP/1.1" 200 1647
[18/Dec/2025 21:46:23] "GET /games/api/recently-played/ HTTP/1.1" 200 13
[18/Dec/2025 21:46:53] "GET /accounts/api/notifications/?limit=5 HTTP/1.1" 200 1248
[18/Dec/2025 21:47:07] "GET /posts/ HTTP/1.1" 200 177138
[18/Dec/2025 21:47:08] "GET /media/post_images/trojan_cropped.jpg HTTP/1.1" 304 0
[18/Dec/2025 21:47:08] "GET /media/post_images/chosostunned_cropped.jpg HTTP/1.1" 304 0
[18/Dec/2025 21:47:08] "GET /accounts/api/notifications/?limit=5 HTTP/1.1" 200 1248
[18/Dec/2025 21:47:08] "GET /recommend/blog-recommendations/ HTTP/1.1" 200 199
[18/Dec/2025 21:47:08] "GET /recommend/interests/ HTTP/1.1" 200 436
[18/Dec/2025 21:47:08] "GET /recommend/for-you/ HTTP/1.1" 200 2144
[18/Dec/2025 21:47:08] "GET /recommend/community-recommendations/ HTTP/1.1" 200 1647
[18/Dec/2025 21:47:08] "GET /recommend/blog-recommendations/ HTTP/1.1" 200 199
[18/Dec/2025 21:47:09] "GET /games/api/recently-played/ HTTP/1.1" 200 13
[18/Dec/2025 21:47:10] "GET /communities/ HTTP/1.1" 200 157230
[18/Dec/2025 21:47:10] "GET /accounts/api/notifications/?limit=5 HTTP/1.1" 200 1248
[18/Dec/2025 21:47:10] "GET /recommend/interests/ HTTP/1.1" 200 436
[18/Dec/2025 21:47:10] "GET /recommend/for-you/ HTTP/1.1" 200 2144
[18/Dec/2025 21:47:10] "GET /recommend/community-recommendations/ HTTP/1.1" 200 1647
[18/Dec/2025 21:47:10] "GET /games/api/recently-played/ HTTP/1.1" 200 13
[18/Dec/2025 21:47:11] "GET /subscriptions/ HTTP/1.1" 200 175498
[18/Dec/2025 21:47:11] "GET /accounts/api/notifications/?limit=5 HTTP/1.1" 200 1248
[18/Dec/2025 21:47:11] "GET /recommend/interests/ HTTP/1.1" 200 436
[18/Dec/2025 21:47:11] "GET /recommend/for-you/ HTTP/1.1" 200 2144
[18/Dec/2025 21:47:11] "GET /recommend/community-recommendations/ HTTP/1.1" 200 1647
[18/Dec/2025 21:47:12] "GET /games/api/recently-played/ HTTP/1.1" 200 13
[18/Dec/2025 21:47:12] "GET /games/ HTTP/1.1" 200 140664
[18/Dec/2025 21:47:12] "GET /accounts/api/notifications/?limit=5 HTTP/1.1" 200 1248
[18/Dec/2025 21:47:12] "GET /recommend/interests/ HTTP/1.1" 200 436
[18/Dec/2025 21:47:12] "GET /recommend/for-you/ HTTP/1.1" 200 2144
[18/Dec/2025 21:47:12] "GET /recommend/community-recommendations/ HTTP/1.1" 200 1647
[18/Dec/2025 21:47:13] "GET /games/api/recently-played/ HTTP/1.1" 200 13
[18/Dec/2025 21:47:15] "GET /marketplace/ HTTP/1.1" 200 132649
[18/Dec/2025 21:47:15] "GET /accounts/api/notifications/?limit=5 HTTP/1.1" 200 1248
[18/Dec/2025 21:47:15] "GET /recommend/interests/ HTTP/1.1" 200 436
[18/Dec/2025 21:47:15] "GET /recommend/for-you/ HTTP/1.1" 200 2144
[18/Dec/2025 21:47:15] "GET /recommend/community-recommendations/ HTTP/1.1" 200 1647
[18/Dec/2025 21:47:15] "GET /games/api/recently-played/ HTTP/1.1" 200 13
[18/Dec/2025 21:47:16] "GET /dashboard/ HTTP/1.1" 200 130991
[18/Dec/2025 21:47:16] "GET /accounts/api/notifications/?limit=5 HTTP/1.1" 200 1248
[18/Dec/2025 21:47:16] "GET /recommend/for-you/?t=1766094436336 HTTP/1.1" 200 2144
[18/Dec/2025 21:47:16] "GET /dashboard/community-posts-api/?offset=0&limit=8&sort=latest HTTP/1.1" 200 1891
[18/Dec/2025 21:47:16] "GET /recommend/interests/ HTTP/1.1" 200 436
[18/Dec/2025 21:47:16] "GET /recommend/for-you/ HTTP/1.1" 200 2144
[18/Dec/2025 21:47:16] "GET /recommend/community-recommendations/ HTTP/1.1" 200 1647
[18/Dec/2025 21:47:16] "GET /games/api/recently-played/ HTTP/1.1" 200 13
[18/Dec/2025 21:47:46] "GET /accounts/api/notifications/?limit=5 HTTP/1.1" 200 1248
[18/Dec/2025 21:48:05] "GET /dashboard/search-suggestions/?q=e HTTP/1.1" 200 702
[18/Dec/2025 21:48:11] "GET /games/ HTTP/1.1" 200 140664
[18/Dec/2025 21:48:11] "GET /accounts/api/notifications/?limit=5 HTTP/1.1" 200 1248
[18/Dec/2025 21:48:12] "GET /recommend/interests/ HTTP/1.1" 200 436
Traceback (most recent call last):
  File "c:\Users\turbo\OneDrive\Documents\GitHub\lupi-fy.com\recommend\views.py", line 70, in for_you_recommendations
    compute_recommendations_for_user(user, content_type='mixed', limit=24)
  File "c:\Users\turbo\OneDrive\Documents\GitHub\lupi-fy.com\recommend\utils.py", line 418, in compute_recommendations_for_user
    candidates = CandidateGenerator.generate_candidates(user, content_type, limit=200)
  File "c:\Users\turbo\OneDrive\Documents\GitHub\lupi-fy.com\recommend\utils.py", line 107, in generate_candidates
    candidates.extend(CandidateGenerator._interest_based_candidates(user, 'blog', 80))
  File "c:\Users\turbo\OneDrive\Documents\GitHub\lupi-fy.com\recommend\utils.py", line 149, in _interest_based_candidates
    posts = Post.objects.filter(
  File "C:\Users\turbo\AppData\Local\Programs\Python\Python39-32\lib\site-packages\django\db\models\manager.py", line 87, in manager_method
    return getattr(self.get_queryset(), name)(*args, **kwargs)
  File "C:\Users\turbo\AppData\Local\Programs\Python\Python39-32\lib\site-packages\django\db\models\query.py", line 1438, in filter
    return self._filter_or_exclude(False, args, kwargs)
  File "C:\Users\turbo\AppData\Local\Programs\Python\Python39-32\lib\site-packages\django\db\models\query.py", line 1456, in _filter_or_exclude
    clone._filter_or_exclude_inplace(negate, args, kwargs)
  File "C:\Users\turbo\AppData\Local\Programs\Python\Python39-32\lib\site-packages\django\db\models\query.py", line 1466, in _filter_or_exclude_inplace
    self._query.add_q(Q(*args, **kwargs))
  File "C:\Users\turbo\AppData\Local\Programs\Python\Python39-32\lib\site-packages\django\db\models\sql\query.py", line 1546, in add_q
    clause, _ = self._add_q(q_object, self.used_aliases)
  File "C:\Users\turbo\AppData\Local\Programs\Python\Python39-32\lib\site-packages\django\db\models\sql\query.py", line 1577, in _add_q
    child_clause, needed_inner = self.build_filter(
  File "C:\Users\turbo\AppData\Local\Programs\Python\Python39-32\lib\site-packages\django\db\models\sql\query.py", line 1492, in build_filter
    condition = self.build_lookup(lookups, col, value)
  File "C:\Users\turbo\AppData\Local\Programs\Python\Python39-32\lib\site-packages\django\db\models\sql\query.py", line 1313, in build_lookup
    lhs = self.try_transform(lhs, lookup_name)
  File "C:\Users\turbo\AppData\Local\Programs\Python\Python39-32\lib\site-packages\django\db\models\sql\query.py", line 1357, in try_transform
    raise FieldError(
django.core.exceptions.FieldError: Unsupported lookup 'icontains' for ForeignKey or join on the field not permitted.
[18/Dec/2025 21:48:12] "GET /games/api/recently-played/ HTTP/1.1" 200 13
[18/Dec/2025 21:48:12] "GET /recommend/community-recommendations/ HTTP/1.1" 200 1647
[18/Dec/2025 21:48:12] "GET /recommend/for-you/ HTTP/1.1" 200 2144
[18/Dec/2025 21:48:16] "GET /accounts/api/notifications/?limit=5 HTTP/1.1" 200 1248
[18/Dec/2025 21:48:16] "GET /dashboard/search-suggestions/?q=ee HTTP/1.1" 200 239
[18/Dec/2025 21:48:18] "GET /search/?q=ee HTTP/1.1" 200 131953
[18/Dec/2025 21:48:19] "GET /static/css/search_results-inline.css HTTP/1.1" 200 643
[18/Dec/2025 21:48:19] "GET /search/api/?q=ee&offset=0&limit=20 HTTP/1.1" 200 389
[18/Dec/2025 21:48:19] "GET /accounts/api/notifications/?limit=5 HTTP/1.1" 200 1248
[18/Dec/2025 21:48:19] "GET /recommend/interests/ HTTP/1.1" 200 436
[18/Dec/2025 21:48:19] "GET /recommend/for-you/ HTTP/1.1" 200 2144
[18/Dec/2025 21:48:19] "GET /recommend/community-recommendations/ HTTP/1.1" 200 1647
[18/Dec/2025 21:48:20] "GET /games/api/recently-played/ HTTP/1.1" 200 13
[18/Dec/2025 21:48:50] "GET /accounts/api/notifications/?limit=5 HTTP/1.1" 200 1248
[18/Dec/2025 21:49:20] "GET /accounts/api/notifications/?limit=5 HTTP/1.1" 200 1248
[18/Dec/2025 21:49:50] "GET /accounts/api/notifications/?limit=5 HTTP/1.1" 200 1248
[18/Dec/2025 21:50:20] "GET /accounts/api/notifications/?limit=5 HTTP/1.1" 200 1248
[18/Dec/2025 21:50:50] "GET /accounts/api/notifications/?limit=5 HTTP/1.1" 200 1248
[18/Dec/2025 21:51:20] "GET /accounts/api/notifications/?limit=5 HTTP/1.1" 200 1248
[18/Dec/2025 21:51:50] "GET /accounts/api/notifications/?limit=5 HTTP/1.1" 200 1248
[18/Dec/2025 21:52:44] "GET /accounts/api/notifications/?limit=5 HTTP/1.1" 200 1248
[18/Dec/2025 21:53:44] "GET /accounts/api/notifications/?limit=5 HTTP/1.1" 200 1248
[18/Dec/2025 21:54:14] "GET /accounts/api/notifications/?limit=5 HTTP/1.1" 200 1248
[18/Dec/2025 21:54:16] "GET /search/?q=ee HTTP/1.1" 200 14391
[18/Dec/2025 21:54:16] "GET /static/style.css HTTP/1.1" 304 0
[18/Dec/2025 21:54:17] "GET /search/api/?q=ee&offset=0&limit=20 HTTP/1.1" 200 389
[18/Dec/2025 21:54:17] "GET /static/favicon.ico HTTP/1.1" 404 1792
[18/Dec/2025 21:55:31] "GET /search/?q=ee HTTP/1.1" 200 14391
[18/Dec/2025 21:55:31] "GET /static/style.css HTTP/1.1" 304 0
[18/Dec/2025 21:55:31] "GET /search/api/?q=ee&offset=0&limit=20 HTTP/1.1" 200 389
[18/Dec/2025 21:55:53] "GET /search/?q=ee HTTP/1.1" 200 9824
[18/Dec/2025 21:55:53] "GET /search/api/?q=ee&offset=0&limit=20 HTTP/1.1" 200 127
[18/Dec/2025 21:55:55] "GET /search/?q=ee HTTP/1.1" 200 9824
[18/Dec/2025 21:55:55] "GET /search/api/?q=ee&offset=0&limit=20 HTTP/1.1" 200 127
[18/Dec/2025 21:56:08] "GET /search/?q=ee HTTP/1.1" 200 9824
[18/Dec/2025 21:56:08] "GET /search/api/?q=ee&offset=0&limit=20 HTTP/1.1" 200 127
[18/Dec/2025 21:58:06] "GET /search/?q=ee HTTP/1.1" 200 137331
[18/Dec/2025 21:58:07] "GET /search/api/?q=ee&offset=0&limit=20 HTTP/1.1" 200 389
[18/Dec/2025 21:58:07] "GET /accounts/api/notifications/?limit=5 HTTP/1.1" 200 1248
[18/Dec/2025 21:58:07] "GET /recommend/interests/ HTTP/1.1" 200 436
Traceback (most recent call last):
  File "c:\Users\turbo\OneDrive\Documents\GitHub\lupi-fy.com\recommend\views.py", line 70, in for_you_recommendations
    compute_recommendations_for_user(user, content_type='mixed', limit=24)
  File "c:\Users\turbo\OneDrive\Documents\GitHub\lupi-fy.com\recommend\utils.py", line 418, in compute_recommendations_for_user
    candidates = CandidateGenerator.generate_candidates(user, content_type, limit=200)
  File "c:\Users\turbo\OneDrive\Documents\GitHub\lupi-fy.com\recommend\utils.py", line 107, in generate_candidates
    candidates.extend(CandidateGenerator._interest_based_candidates(user, 'blog', 80))
  File "c:\Users\turbo\OneDrive\Documents\GitHub\lupi-fy.com\recommend\utils.py", line 149, in _interest_based_candidates
    posts = Post.objects.filter(
  File "C:\Users\turbo\AppData\Local\Programs\Python\Python39-32\lib\site-packages\django\db\models\manager.py", line 87, in manager_method
    return getattr(self.get_queryset(), name)(*args, **kwargs)
  File "C:\Users\turbo\AppData\Local\Programs\Python\Python39-32\lib\site-packages\django\db\models\query.py", line 1438, in filter
    return self._filter_or_exclude(False, args, kwargs)
  File "C:\Users\turbo\AppData\Local\Programs\Python\Python39-32\lib\site-packages\django\db\models\query.py", line 1456, in _filter_or_exclude
    clone._filter_or_exclude_inplace(negate, args, kwargs)
  File "C:\Users\turbo\AppData\Local\Programs\Python\Python39-32\lib\site-packages\django\db\models\query.py", line 1466, in _filter_or_exclude_inplace
    self._query.add_q(Q(*args, **kwargs))
  File "C:\Users\turbo\AppData\Local\Programs\Python\Python39-32\lib\site-packages\django\db\models\sql\query.py", line 1546, in add_q
    clause, _ = self._add_q(q_object, self.used_aliases)
  File "C:\Users\turbo\AppData\Local\Programs\Python\Python39-32\lib\site-packages\django\db\models\sql\query.py", line 1577, in _add_q
    child_clause, needed_inner = self.build_filter(
  File "C:\Users\turbo\AppData\Local\Programs\Python\Python39-32\lib\site-packages\django\db\models\sql\query.py", line 1492, in build_filter
    condition = self.build_lookup(lookups, col, value)
  File "C:\Users\turbo\AppData\Local\Programs\Python\Python39-32\lib\site-packages\django\db\models\sql\query.py", line 1313, in build_lookup
    lhs = self.try_transform(lhs, lookup_name)
  File "C:\Users\turbo\AppData\Local\Programs\Python\Python39-32\lib\site-packages\django\db\models\sql\query.py", line 1357, in try_transform
    raise FieldError(
django.core.exceptions.FieldError: Unsupported lookup 'icontains' for ForeignKey or join on the field not permitted.
[18/Dec/2025 21:58:07] "GET /recommend/community-recommendations/ HTTP/1.1" 200 1647
[18/Dec/2025 21:58:07] "GET /recommend/for-you/ HTTP/1.1" 200 2144
[18/Dec/2025 21:58:07] "GET /games/api/recently-played/ HTTP/1.1" 200 13
[18/Dec/2025 21:58:37] "GET /accounts/api/notifications/?limit=5 HTTP/1.1" 200 1248
[18/Dec/2025 21:59:08] "GET /accounts/api/notifications/?limit=5 HTTP/1.1" 200 1248
[18/Dec/2025 21:59:38] "GET /accounts/api/notifications/?limit=5 HTTP/1.1" 200 1248
[18/Dec/2025 22:00:08] "GET /accounts/api/notifications/?limit=5 HTTP/1.1" 200 1248
[18/Dec/2025 22:00:38] "GET /accounts/api/notifications/?limit=5 HTTP/1.1" 200 1248
[18/Dec/2025 22:00:59] "GET /search/?q= HTTP/1.1" 200 140104
[18/Dec/2025 22:01:00] "GET /accounts/api/notifications/?limit=5 HTTP/1.1" 200 1248
[18/Dec/2025 22:01:00] "GET /recommend/interests/ HTTP/1.1" 200 436
Traceback (most recent call last):
  File "c:\Users\turbo\OneDrive\Documents\GitHub\lupi-fy.com\recommend\views.py", line 70, in for_you_recommendations
    compute_recommendations_for_user(user, content_type='mixed', limit=24)
  File "c:\Users\turbo\OneDrive\Documents\GitHub\lupi-fy.com\recommend\utils.py", line 418, in compute_recommendations_for_user
    candidates = CandidateGenerator.generate_candidates(user, content_type, limit=200)
  File "c:\Users\turbo\OneDrive\Documents\GitHub\lupi-fy.com\recommend\utils.py", line 107, in generate_candidates
    candidates.extend(CandidateGenerator._interest_based_candidates(user, 'blog', 80))
  File "c:\Users\turbo\OneDrive\Documents\GitHub\lupi-fy.com\recommend\utils.py", line 149, in _interest_based_candidates
    posts = Post.objects.filter(
  File "C:\Users\turbo\AppData\Local\Programs\Python\Python39-32\lib\site-packages\django\db\models\manager.py", line 87, in manager_method
    return getattr(self.get_queryset(), name)(*args, **kwargs)
  File "C:\Users\turbo\AppData\Local\Programs\Python\Python39-32\lib\site-packages\django\db\models\query.py", line 1438, in filter
    return self._filter_or_exclude(False, args, kwargs)
  File "C:\Users\turbo\AppData\Local\Programs\Python\Python39-32\lib\site-packages\django\db\models\query.py", line 1456, in _filter_or_exclude
    clone._filter_or_exclude_inplace(negate, args, kwargs)
  File "C:\Users\turbo\AppData\Local\Programs\Python\Python39-32\lib\site-packages\django\db\models\query.py", line 1466, in _filter_or_exclude_inplace
    self._query.add_q(Q(*args, **kwargs))
  File "C:\Users\turbo\AppData\Local\Programs\Python\Python39-32\lib\site-packages\django\db\models\sql\query.py", line 1546, in add_q
    clause, _ = self._add_q(q_object, self.used_aliases)
  File "C:\Users\turbo\AppData\Local\Programs\Python\Python39-32\lib\site-packages\django\db\models\sql\query.py", line 1577, in _add_q
    child_clause, needed_inner = self.build_filter(
  File "C:\Users\turbo\AppData\Local\Programs\Python\Python39-32\lib\site-packages\django\db\models\sql\query.py", line 1492, in build_filter
    condition = self.build_lookup(lookups, col, value)
  File "C:\Users\turbo\AppData\Local\Programs\Python\Python39-32\lib\site-packages\django\db\models\sql\query.py", line 1313, in build_lookup
    lhs = self.try_transform(lhs, lookup_name)
  File "C:\Users\turbo\AppData\Local\Programs\Python\Python39-32\lib\site-packages\django\db\models\sql\query.py", line 1357, in try_transform
    raise FieldError(
django.core.exceptions.FieldError: Unsupported lookup 'icontains' for ForeignKey or join on the field not permitted.
[18/Dec/2025 22:01:00] "GET /games/api/recently-played/ HTTP/1.1" 200 13
[18/Dec/2025 22:01:00] "GET /recommend/for-you/ HTTP/1.1" 200 2144
[18/Dec/2025 22:01:00] "GET /recommend/community-recommendations/ HTTP/1.1" 200 1647
[18/Dec/2025 22:01:30] "GET /accounts/api/notifications/?limit=5 HTTP/1.1" 200 1248
[18/Dec/2025 22:02:01] "GET /accounts/api/notifications/?limit=5 HTTP/1.1" 200 1248
[18/Dec/2025 22:02:31] "GET /accounts/api/notifications/?limit=5 HTTP/1.1" 200 1248
[18/Dec/2025 22:03:01] "GET /accounts/api/notifications/?limit=5 HTTP/1.1" 200 1248
[18/Dec/2025 22:03:31] "GET /accounts/api/notifications/?limit=5 HTTP/1.1" 200 1248
[18/Dec/2025 22:04:00] "GET /accounts/api/notifications/?limit=5 HTTP/1.1" 200 1248
[18/Dec/2025 22:04:31] "GET /accounts/api/notifications/?limit=5 HTTP/1.1" 200 1248
[18/Dec/2025 22:05:01] "GET /accounts/api/notifications/?limit=5 HTTP/1.1" 200 1248
